[INFO] 17:00:30:940 NOMBRE_DEL_LOG/(79011:79011): Hola! Soy un log
[INFO] 17:00:30:942 NOMBRE_DEL_LOG/(79011:79011): valor
[INFO] 17:00:37:375 NOMBRE_DEL_LOG/(79011:79011): hola
[INFO] 17:03:47:210 NOMBRE_DEL_LOG/(79321:79321): Hola! Soy un log
[INFO] 17:03:47:211 NOMBRE_DEL_LOG/(79321:79321): valor
[INFO] 17:03:56:512 NOMBRE_DEL_LOG/(79321:79321): hola
[INFO] 17:04:18:439 NOMBRE_DEL_LOG/(79558:79558): Hola! Soy un log
[INFO] 17:04:18:440 NOMBRE_DEL_LOG/(79558:79558): valor
[INFO] 17:05:42:713 NOMBRE_DEL_LOG/(79927:79927): Hola! Soy un log
[INFO] 17:05:42:714 NOMBRE_DEL_LOG/(79927:79927): valor
[INFO] 17:07:15:139 NOMBRE_DEL_LOG/(80156:80156): Hola! Soy un log
[INFO] 17:07:15:140 NOMBRE_DEL_LOG/(80156:80156): valor
[INFO] 17:07:48:072 NOMBRE_DEL_LOG/(80575:80575): Hola! Soy un log
[INFO] 17:07:48:072 NOMBRE_DEL_LOG/(80575:80575): valor
[INFO] 17:08:07:037 NOMBRE_DEL_LOG/(80575:80575): HOLA soy un log creado por consola
[INFO] 17:08:23:368 NOMBRE_DEL_LOG/(80804:80804): Hola! Soy un log
[INFO] 17:08:23:369 NOMBRE_DEL_LOG/(80804:80804): valor
[INFO] 17:09:00:866 NOMBRE_DEL_LOG/(81074:81074): Hola! Soy un log
[INFO] 17:09:00:866 NOMBRE_DEL_LOG/(81074:81074): valor
[INFO] 17:09:31:659 NOMBRE_DEL_LOG/(81304:81304): Hola! Soy un log
[INFO] 17:09:31:659 NOMBRE_DEL_LOG/(81304:81304): valor
[INFO] 17:10:17:882 NOMBRE_DEL_LOG/(81304:81304): sslaksdajds
[INFO] 17:10:39:630 NOMBRE_DEL_LOG/(81669:81669): Hola! Soy un log
[INFO] 17:10:39:631 NOMBRE_DEL_LOG/(81669:81669): valor
[INFO] 17:10:51:878 NOMBRE_DEL_LOG/(81669:81669): ajaja
[INFO] 17:12:28:532 NOMBRE_DEL_LOG/(81968:81968): Hola! Soy un log
[INFO] 17:12:28:532 NOMBRE_DEL_LOG/(81968:81968): valor
[INFO] 17:12:40:977 NOMBRE_DEL_LOG/(81968:81968): hola
[INFO] 17:15:36:517 NOMBRE_DEL_LOG/(82401:82401): Hola! Soy un log
[INFO] 17:15:36:518 NOMBRE_DEL_LOG/(82401:82401): valor
[INFO] 17:15:39:880 NOMBRE_DEL_LOG/(82401:82401): holaaa
[INFO] 17:15:57:067 NOMBRE_DEL_LOG/(82401:82401): holaaaaaaa
[INFO] 17:16:13:281 NOMBRE_DEL_LOG/(82401:82401): 
[INFO] 17:21:55:683 NOMBRE_DEL_LOG/(83108:83108): Hola! Soy un log
[INFO] 17:21:55:684 NOMBRE_DEL_LOG/(83108:83108): valor
[INFO] 17:22:04:232 NOMBRE_DEL_LOG/(83108:83108): holaaa soy un log creado por consola
[INFO] 17:22:15:214 NOMBRE_DEL_LOG/(83108:83108): otro log de consola
[INFO] 17:22:30:391 NOMBRE_DEL_LOG/(83108:83108): 
[INFO] 17:24:11:871 NOMBRE_DEL_LOG/(83488:83488): Hola! Soy un log
[INFO] 17:24:11:871 NOMBRE_DEL_LOG/(83488:83488): valor
[INFO] 17:24:17:316 NOMBRE_DEL_LOG/(83488:83488): 12233
[INFO] 17:24:29:912 NOMBRE_DEL_LOG/(83488:83488): 121234324435
[INFO] 17:24:54:232 NOMBRE_DEL_LOG/(83488:83488): sjfnfds
[INFO] 17:25:44:559 NOMBRE_DEL_LOG/(83878:83878): Hola! Soy un log
[INFO] 17:25:44:559 NOMBRE_DEL_LOG/(83878:83878): valor
[INFO] 17:26:04:966 NOMBRE_DEL_LOG/(84041:84041): Hola! Soy un log
[INFO] 17:26:04:968 NOMBRE_DEL_LOG/(84041:84041): valor
[INFO] 17:26:09:207 NOMBRE_DEL_LOG/(84041:84041): sdfdsfsdf
[INFO] 17:26:18:694 NOMBRE_DEL_LOG/(84041:84041): 
[INFO] 17:26:45:266 NOMBRE_DEL_LOG/(84273:84273): Hola! Soy un log
[INFO] 17:26:45:266 NOMBRE_DEL_LOG/(84273:84273): valor
[INFO] 17:26:48:511 NOMBRE_DEL_LOG/(84273:84273): shdhsfsd
[INFO] 17:27:00:772 NOMBRE_DEL_LOG/(84273:84273): sdfdsfs
[INFO] 17:32:42:790 NOMBRE_DEL_LOG/(84668:84668): Hola! Soy un log
[INFO] 17:32:42:790 NOMBRE_DEL_LOG/(84668:84668): valor
[INFO] 17:32:56:321 NOMBRE_DEL_LOG/(84668:84668): hola como va?
[INFO] 17:32:59:461 NOMBRE_DEL_LOG/(84668:84668): todo bien?
[INFO] 17:33:03:276 NOMBRE_DEL_LOG/(84668:84668): soy un log de consola
[INFO] 17:33:04:639 NOMBRE_DEL_LOG/(84668:84668): 
[INFO] 17:34:20:470 NOMBRE_DEL_LOG/(84920:84920): Hola! Soy un log
[INFO] 17:34:20:470 NOMBRE_DEL_LOG/(84920:84920): valor
[INFO] 17:34:29:073 NOMBRE_DEL_LOG/(84920:84920): hola todo bien
[INFO] 17:34:32:655 NOMBRE_DEL_LOG/(84920:84920): hoskfds
[INFO] 17:41:30:060 NOMBRE_DEL_LOG/(85238:85238): Hola! Soy un log
[INFO] 17:41:30:060 NOMBRE_DEL_LOG/(85238:85238): valor
[INFO] 17:55:21:615 NOMBRE_DEL_LOG/(85725:85725): Hola! Soy un log
[INFO] 17:55:21:615 NOMBRE_DEL_LOG/(85725:85725): valor
[INFO] 17:55:24:052 NOMBRE_DEL_LOG/(85725:85725): jdsfjasdf
[INFO] 17:57:22:806 NOMBRE_DEL_LOG/(85974:85974): Hola! Soy un log
[INFO] 17:57:22:807 NOMBRE_DEL_LOG/(85974:85974): valor
[INFO] 17:57:24:468 NOMBRE_DEL_LOG/(85974:85974): dsfgfdsg
[INFO] 17:57:25:572 NOMBRE_DEL_LOG/(85974:85974): fdsgsdfg
[INFO] 19:05:34:992 NOMBRE_DEL_LOG/(86603:86603): Hola! Soy un log
[INFO] 19:05:34:992 NOMBRE_DEL_LOG/(86603:86603): valor
[INFO] 19:05:36:863 NOMBRE_DEL_LOG/(86603:86603): SDFSDF
[INFO] 19:06:07:653 NOMBRE_DEL_LOG/(86806:86806): Hola! Soy un log
[INFO] 19:06:07:653 NOMBRE_DEL_LOG/(86806:86806): valor
[INFO] 19:10:02:342 NOMBRE_DEL_LOG/(87397:87397): Hola! Soy un log
[INFO] 19:10:02:343 NOMBRE_DEL_LOG/(87397:87397): valor
[INFO] 19:10:04:504 NOMBRE_DEL_LOG/(87397:87397): ghjgfj
[INFO] 19:19:11:104 NOMBRE_DEL_LOG/(88659:88659): Hola! Soy un log
[INFO] 19:19:11:105 NOMBRE_DEL_LOG/(88659:88659): valor
[INFO] 19:19:14:208 NOMBRE_DEL_LOG/(88659:88659): sdfsa
[INFO] 19:19:15:859 NOMBRE_DEL_LOG/(88659:88659): sdfas
[INFO] 19:21:18:761 NOMBRE_DEL_LOG/(88920:88920): Hola! Soy un log
[INFO] 19:21:18:762 NOMBRE_DEL_LOG/(88920:88920): valor
[INFO] 19:21:53:437 NOMBRE_DEL_LOG/(89069:89069): Hola! Soy un log
[INFO] 19:21:53:438 NOMBRE_DEL_LOG/(89069:89069): valor
[INFO] 19:44:05:414 NOMBRE_DEL_LOG/(89484:89484): Hola! Soy un log
[INFO] 19:44:05:414 NOMBRE_DEL_LOG/(89484:89484): valor
[INFO] 19:44:11:542 NOMBRE_DEL_LOG/(89484:89484): fdgds
[INFO] 19:44:50:953 NOMBRE_DEL_LOG/(89762:89762): Hola! Soy un log
[INFO] 19:44:50:954 NOMBRE_DEL_LOG/(89762:89762): valor
